[2024-10-30 10:00:03,150] INFO [GroupCoordinator 1]: Preparing to rebalance group console-consumer-11251 in state PreparingRebalance with old generation 1 (__consumer_offsets-31) (reason: Removing member console-consumer-ff89993d-18d2-4b9c-afbf-dc259dd48b90 on LeaveGroup; client reason: the consumer is being closed) (kafka.coordinator.group.GroupCoordinator)
[2024-10-30 10:00:03,154] INFO [GroupCoordinator 1]: Group console-consumer-11251 with generation 2 is now empty (__consumer_offsets-31) (kafka.coordinator.group.GroupCoordinator)
[2024-10-30 10:00:03,156] INFO [GroupCoordinator 1]: Member MemberMetadata(memberId=console-consumer-ff89993d-18d2-4b9c-afbf-dc259dd48b90, groupInstanceId=None, clientId=console-consumer, clientHost=/127.0.0.1, sessionTimeoutMs=45000, rebalanceTimeoutMs=300000, supportedProtocols=List(range, cooperative-sticky)) has left group console-consumer-11251 through explicit `LeaveGroup`; client reason: the consumer is being closed (kafka.coordinator.group.GroupCoordinator)
[2024-10-30 10:11:25,749] INFO [GroupCoordinator 1]: The following groups were deleted: trade_events_group. A total of 1 offsets were removed. (kafka.coordinator.group.GroupCoordinator)
[2024-10-30 10:11:49,031] INFO [GroupMetadataManager brokerId=1] Group console-consumer-89269 transitioned to Dead in generation 2 (kafka.coordinator.group.GroupMetadataManager)
[2024-10-30 10:11:49,032] INFO [GroupMetadataManager brokerId=1] Group console-consumer-49945 transitioned to Dead in generation 2 (kafka.coordinator.group.GroupMetadataManager)
[2024-10-30 10:11:49,032] INFO [GroupMetadataManager brokerId=1] Group console-consumer-11251 transitioned to Dead in generation 2 (kafka.coordinator.group.GroupMetadataManager)
[2024-10-30 10:11:49,033] INFO [GroupCoordinator 1]: Removed 0 offsets associated with deleted partitions: trade_events-0. (kafka.coordinator.group.GroupCoordinator)
[2024-10-30 10:11:49,047] INFO [ReplicaFetcherManager on broker 1] Removed fetcher for partitions Set(trade_events-0) (kafka.server.ReplicaFetcherManager)
[2024-10-30 10:11:49,047] INFO [ReplicaAlterLogDirsManager on broker 1] Removed fetcher for partitions Set(trade_events-0) (kafka.server.ReplicaAlterLogDirsManager)
[2024-10-30 10:11:49,050] INFO [ReplicaFetcherManager on broker 1] Removed fetcher for partitions Set(trade_events-0) (kafka.server.ReplicaFetcherManager)
[2024-10-30 10:11:49,050] INFO [ReplicaAlterLogDirsManager on broker 1] Removed fetcher for partitions Set(trade_events-0) (kafka.server.ReplicaAlterLogDirsManager)
[2024-10-30 10:11:49,058] INFO Log for partition trade_events-0 is renamed to /tmp/kafka-logs/trade_events-0.b3c518a51bdd4443b8cbfe203cdf1d79-delete and is scheduled for deletion (kafka.log.LogManager)
[2024-10-30 10:11:49,164] INFO Creating topic trade_events with configuration {} and initial partition assignment HashMap(0 -> ArrayBuffer(1)) (kafka.zk.AdminZkClient)
[2024-10-30 10:11:49,189] INFO [ReplicaFetcherManager on broker 1] Removed fetcher for partitions Set(trade_events-0) (kafka.server.ReplicaFetcherManager)
[2024-10-30 10:11:49,193] INFO [LogLoader partition=trade_events-0, dir=/tmp/kafka-logs] Loading producer state till offset 0 with message format version 2 (kafka.log.UnifiedLog$)
[2024-10-30 10:11:49,194] INFO Created log for partition trade_events-0 in /tmp/kafka-logs/trade_events-0 with properties {} (kafka.log.LogManager)
[2024-10-30 10:11:49,194] INFO [Partition trade_events-0 broker=1] Log loaded for partition trade_events-0 with initial high watermark 0 (kafka.cluster.Partition)
[2024-10-30 10:12:17,507] INFO [GroupCoordinator 1]: Removed 0 offsets associated with deleted partitions: trade_events-0. (kafka.coordinator.group.GroupCoordinator)
[2024-10-30 10:12:17,512] INFO [ReplicaFetcherManager on broker 1] Removed fetcher for partitions Set(trade_events-0) (kafka.server.ReplicaFetcherManager)
[2024-10-30 10:12:17,512] INFO [ReplicaAlterLogDirsManager on broker 1] Removed fetcher for partitions Set(trade_events-0) (kafka.server.ReplicaAlterLogDirsManager)
[2024-10-30 10:12:17,513] INFO [ReplicaFetcherManager on broker 1] Removed fetcher for partitions Set(trade_events-0) (kafka.server.ReplicaFetcherManager)
[2024-10-30 10:12:17,513] INFO [ReplicaAlterLogDirsManager on broker 1] Removed fetcher for partitions Set(trade_events-0) (kafka.server.ReplicaAlterLogDirsManager)
[2024-10-30 10:12:17,517] INFO Log for partition trade_events-0 is renamed to /tmp/kafka-logs/trade_events-0.2cd71de960d840e880a159f8f80623b9-delete and is scheduled for deletion (kafka.log.LogManager)
[2024-10-30 10:12:30,638] INFO Creating topic trade_events with configuration {} and initial partition assignment HashMap(0 -> ArrayBuffer(1)) (kafka.zk.AdminZkClient)
[2024-10-30 10:12:30,671] INFO [ReplicaFetcherManager on broker 1] Removed fetcher for partitions Set(trade_events-0) (kafka.server.ReplicaFetcherManager)
[2024-10-30 10:12:30,673] INFO [LogLoader partition=trade_events-0, dir=/tmp/kafka-logs] Loading producer state till offset 0 with message format version 2 (kafka.log.UnifiedLog$)
[2024-10-30 10:12:30,674] INFO Created log for partition trade_events-0 in /tmp/kafka-logs/trade_events-0 with properties {} (kafka.log.LogManager)
[2024-10-30 10:12:30,674] INFO [Partition trade_events-0 broker=1] No checkpointed highwatermark is found for partition trade_events-0 (kafka.cluster.Partition)
[2024-10-30 10:12:30,674] INFO [Partition trade_events-0 broker=1] Log loaded for partition trade_events-0 with initial high watermark 0 (kafka.cluster.Partition)
[2024-10-30 10:12:49,068] INFO [LocalLog partition=trade_events-0, dir=/tmp/kafka-logs] Deleting segments as the log has been deleted: LogSegment(baseOffset=0, size=137137, lastModifiedTime=1730262539492, largestRecordTimestamp=1730262539488) (kafka.log.LocalLog)
[2024-10-30 10:12:49,071] INFO [LocalLog partition=trade_events-0, dir=/tmp/kafka-logs] Deleting segment files LogSegment(baseOffset=0, size=137137, lastModifiedTime=1730262539492, largestRecordTimestamp=1730262539488) (kafka.log.LocalLog$)
[2024-10-30 10:12:49,075] INFO Deleted log /tmp/kafka-logs/trade_events-0.b3c518a51bdd4443b8cbfe203cdf1d79-delete/00000000000000000000.log.deleted. (org.apache.kafka.storage.internals.log.LogSegment)
[2024-10-30 10:12:49,079] INFO Deleted offset index /tmp/kafka-logs/trade_events-0.b3c518a51bdd4443b8cbfe203cdf1d79-delete/00000000000000000000.index.deleted. (org.apache.kafka.storage.internals.log.LogSegment)
[2024-10-30 10:12:49,079] INFO Deleted time index /tmp/kafka-logs/trade_events-0.b3c518a51bdd4443b8cbfe203cdf1d79-delete/00000000000000000000.timeindex.deleted. (org.apache.kafka.storage.internals.log.LogSegment)
[2024-10-30 10:12:49,084] INFO Deleted log for partition trade_events-0 in /tmp/kafka-logs/trade_events-0.b3c518a51bdd4443b8cbfe203cdf1d79-delete. (kafka.log.LogManager)
[2024-10-30 10:13:17,522] INFO [LocalLog partition=trade_events-0, dir=/tmp/kafka-logs] Deleting segments as the log has been deleted: LogSegment(baseOffset=0, size=0, lastModifiedTime=1730263309192, largestRecordTimestamp=-1) (kafka.log.LocalLog)
[2024-10-30 10:13:17,525] INFO [LocalLog partition=trade_events-0, dir=/tmp/kafka-logs] Deleting segment files LogSegment(baseOffset=0, size=0, lastModifiedTime=1730263309192, largestRecordTimestamp=-1) (kafka.log.LocalLog$)
[2024-10-30 10:13:17,525] INFO Deleted log /tmp/kafka-logs/trade_events-0.2cd71de960d840e880a159f8f80623b9-delete/00000000000000000000.log.deleted. (org.apache.kafka.storage.internals.log.LogSegment)
[2024-10-30 10:13:17,526] INFO Deleted offset index /tmp/kafka-logs/trade_events-0.2cd71de960d840e880a159f8f80623b9-delete/00000000000000000000.index.deleted. (org.apache.kafka.storage.internals.log.LogSegment)
[2024-10-30 10:13:17,526] INFO Deleted time index /tmp/kafka-logs/trade_events-0.2cd71de960d840e880a159f8f80623b9-delete/00000000000000000000.timeindex.deleted. (org.apache.kafka.storage.internals.log.LogSegment)
[2024-10-30 10:13:17,528] INFO Deleted log for partition trade_events-0 in /tmp/kafka-logs/trade_events-0.2cd71de960d840e880a159f8f80623b9-delete. (kafka.log.LogManager)
[2024-10-30 10:13:28,085] INFO [GroupCoordinator 1]: Dynamic member with unknown member id joins group trade_events_group in Empty state. Created a new member id console-consumer-2fc016fe-4f0f-4549-9e66-8decf7bfaf23 and request the member to rejoin with this id. (kafka.coordinator.group.GroupCoordinator)
[2024-10-30 10:13:28,086] INFO [GroupCoordinator 1]: Preparing to rebalance group trade_events_group in state PreparingRebalance with old generation 0 (__consumer_offsets-42) (reason: Adding new member console-consumer-2fc016fe-4f0f-4549-9e66-8decf7bfaf23 with group instance id None; client reason: need to re-join with the given member-id: console-consumer-2fc016fe-4f0f-4549-9e66-8decf7bfaf23) (kafka.coordinator.group.GroupCoordinator)
[2024-10-30 10:13:28,087] INFO [GroupCoordinator 1]: Stabilized group trade_events_group generation 1 (__consumer_offsets-42) with 1 members (kafka.coordinator.group.GroupCoordinator)
[2024-10-30 10:13:28,091] INFO [GroupCoordinator 1]: Assignment received from leader console-consumer-2fc016fe-4f0f-4549-9e66-8decf7bfaf23 for group trade_events_group for generation 1. The group has 1 members, 0 of which are static. (kafka.coordinator.group.GroupCoordinator)
[2024-10-30 10:13:46,549] INFO [GroupCoordinator 1]: Preparing to rebalance group trade_events_group in state PreparingRebalance with old generation 1 (__consumer_offsets-42) (reason: Removing member console-consumer-2fc016fe-4f0f-4549-9e66-8decf7bfaf23 on LeaveGroup; client reason: the consumer is being closed) (kafka.coordinator.group.GroupCoordinator)
[2024-10-30 10:13:46,550] INFO [GroupCoordinator 1]: Group trade_events_group with generation 2 is now empty (__consumer_offsets-42) (kafka.coordinator.group.GroupCoordinator)
[2024-10-30 10:13:46,551] INFO [GroupCoordinator 1]: Member MemberMetadata(memberId=console-consumer-2fc016fe-4f0f-4549-9e66-8decf7bfaf23, groupInstanceId=None, clientId=console-consumer, clientHost=/127.0.0.1, sessionTimeoutMs=45000, rebalanceTimeoutMs=300000, supportedProtocols=List(range, cooperative-sticky)) has left group trade_events_group through explicit `LeaveGroup`; client reason: the consumer is being closed (kafka.coordinator.group.GroupCoordinator)
[2024-10-30 10:13:58,451] INFO [GroupCoordinator 1]: Dynamic member with unknown member id joins group console-consumer-39283 in Empty state. Created a new member id console-consumer-bab6a049-f9ca-4cb4-a8c2-33b98fa3cc57 and request the member to rejoin with this id. (kafka.coordinator.group.GroupCoordinator)
[2024-10-30 10:13:58,452] INFO [GroupCoordinator 1]: Preparing to rebalance group console-consumer-39283 in state PreparingRebalance with old generation 0 (__consumer_offsets-46) (reason: Adding new member console-consumer-bab6a049-f9ca-4cb4-a8c2-33b98fa3cc57 with group instance id None; client reason: need to re-join with the given member-id: console-consumer-bab6a049-f9ca-4cb4-a8c2-33b98fa3cc57) (kafka.coordinator.group.GroupCoordinator)
[2024-10-30 10:13:58,453] INFO [GroupCoordinator 1]: Stabilized group console-consumer-39283 generation 1 (__consumer_offsets-46) with 1 members (kafka.coordinator.group.GroupCoordinator)
[2024-10-30 10:13:58,458] INFO [GroupCoordinator 1]: Assignment received from leader console-consumer-bab6a049-f9ca-4cb4-a8c2-33b98fa3cc57 for group console-consumer-39283 for generation 1. The group has 1 members, 0 of which are static. (kafka.coordinator.group.GroupCoordinator)
[2024-10-30 10:14:31,832] INFO [NodeToControllerChannelManager id=1 name=forwarding] Node 1 disconnected. (org.apache.kafka.clients.NetworkClient)
[2024-10-30 10:15:14,289] INFO [GroupCoordinator 1]: Preparing to rebalance group console-consumer-39283 in state PreparingRebalance with old generation 1 (__consumer_offsets-46) (reason: Removing member console-consumer-bab6a049-f9ca-4cb4-a8c2-33b98fa3cc57 on LeaveGroup; client reason: the consumer is being closed) (kafka.coordinator.group.GroupCoordinator)
[2024-10-30 10:15:14,289] INFO [GroupCoordinator 1]: Group console-consumer-39283 with generation 2 is now empty (__consumer_offsets-46) (kafka.coordinator.group.GroupCoordinator)
[2024-10-30 10:15:14,290] INFO [GroupCoordinator 1]: Member MemberMetadata(memberId=console-consumer-bab6a049-f9ca-4cb4-a8c2-33b98fa3cc57, groupInstanceId=None, clientId=console-consumer, clientHost=/127.0.0.1, sessionTimeoutMs=45000, rebalanceTimeoutMs=300000, supportedProtocols=List(range, cooperative-sticky)) has left group console-consumer-39283 through explicit `LeaveGroup`; client reason: the consumer is being closed (kafka.coordinator.group.GroupCoordinator)
[2024-10-30 10:16:14,284] INFO [GroupCoordinator 1]: Dynamic member with unknown member id joins group console-consumer-37572 in Empty state. Created a new member id console-consumer-a8e9e005-43ea-4d1e-a6bc-acf8cd1f55b2 and request the member to rejoin with this id. (kafka.coordinator.group.GroupCoordinator)
[2024-10-30 10:16:14,285] INFO [GroupCoordinator 1]: Preparing to rebalance group console-consumer-37572 in state PreparingRebalance with old generation 0 (__consumer_offsets-15) (reason: Adding new member console-consumer-a8e9e005-43ea-4d1e-a6bc-acf8cd1f55b2 with group instance id None; client reason: need to re-join with the given member-id: console-consumer-a8e9e005-43ea-4d1e-a6bc-acf8cd1f55b2) (kafka.coordinator.group.GroupCoordinator)
[2024-10-30 10:16:14,285] INFO [GroupCoordinator 1]: Stabilized group console-consumer-37572 generation 1 (__consumer_offsets-15) with 1 members (kafka.coordinator.group.GroupCoordinator)
[2024-10-30 10:16:14,290] INFO [GroupCoordinator 1]: Assignment received from leader console-consumer-a8e9e005-43ea-4d1e-a6bc-acf8cd1f55b2 for group console-consumer-37572 for generation 1. The group has 1 members, 0 of which are static. (kafka.coordinator.group.GroupCoordinator)
[2024-10-30 10:16:46,885] INFO [GroupCoordinator 1]: Preparing to rebalance group console-consumer-37572 in state PreparingRebalance with old generation 1 (__consumer_offsets-15) (reason: Removing member console-consumer-a8e9e005-43ea-4d1e-a6bc-acf8cd1f55b2 on LeaveGroup; client reason: the consumer is being closed) (kafka.coordinator.group.GroupCoordinator)
[2024-10-30 10:16:46,886] INFO [GroupCoordinator 1]: Group console-consumer-37572 with generation 2 is now empty (__consumer_offsets-15) (kafka.coordinator.group.GroupCoordinator)
[2024-10-30 10:16:46,887] INFO [GroupCoordinator 1]: Member MemberMetadata(memberId=console-consumer-a8e9e005-43ea-4d1e-a6bc-acf8cd1f55b2, groupInstanceId=None, clientId=console-consumer, clientHost=/127.0.0.1, sessionTimeoutMs=45000, rebalanceTimeoutMs=300000, supportedProtocols=List(range, cooperative-sticky)) has left group console-consumer-37572 through explicit `LeaveGroup`; client reason: the consumer is being closed (kafka.coordinator.group.GroupCoordinator)
[2024-10-30 10:16:50,298] INFO [GroupCoordinator 1]: Dynamic member with unknown member id joins group console-consumer-38472 in Empty state. Created a new member id console-consumer-a049fc71-4433-4354-a7d8-c6568174e733 and request the member to rejoin with this id. (kafka.coordinator.group.GroupCoordinator)
[2024-10-30 10:16:50,299] INFO [GroupCoordinator 1]: Preparing to rebalance group console-consumer-38472 in state PreparingRebalance with old generation 0 (__consumer_offsets-45) (reason: Adding new member console-consumer-a049fc71-4433-4354-a7d8-c6568174e733 with group instance id None; client reason: need to re-join with the given member-id: console-consumer-a049fc71-4433-4354-a7d8-c6568174e733) (kafka.coordinator.group.GroupCoordinator)
[2024-10-30 10:16:50,299] INFO [GroupCoordinator 1]: Stabilized group console-consumer-38472 generation 1 (__consumer_offsets-45) with 1 members (kafka.coordinator.group.GroupCoordinator)
[2024-10-30 10:16:50,304] INFO [GroupCoordinator 1]: Assignment received from leader console-consumer-a049fc71-4433-4354-a7d8-c6568174e733 for group console-consumer-38472 for generation 1. The group has 1 members, 0 of which are static. (kafka.coordinator.group.GroupCoordinator)
[2024-10-30 10:18:10,155] INFO [GroupCoordinator 1]: Preparing to rebalance group console-consumer-38472 in state PreparingRebalance with old generation 1 (__consumer_offsets-45) (reason: Removing member console-consumer-a049fc71-4433-4354-a7d8-c6568174e733 on LeaveGroup; client reason: the consumer is being closed) (kafka.coordinator.group.GroupCoordinator)
[2024-10-30 10:18:10,156] INFO [GroupCoordinator 1]: Group console-consumer-38472 with generation 2 is now empty (__consumer_offsets-45) (kafka.coordinator.group.GroupCoordinator)
[2024-10-30 10:18:10,157] INFO [GroupCoordinator 1]: Member MemberMetadata(memberId=console-consumer-a049fc71-4433-4354-a7d8-c6568174e733, groupInstanceId=None, clientId=console-consumer, clientHost=/127.0.0.1, sessionTimeoutMs=45000, rebalanceTimeoutMs=300000, supportedProtocols=List(range, cooperative-sticky)) has left group console-consumer-38472 through explicit `LeaveGroup`; client reason: the consumer is being closed (kafka.coordinator.group.GroupCoordinator)
[2024-10-30 10:18:14,412] INFO Terminating process due to signal SIGINT (org.apache.kafka.common.utils.LoggingSignalHandler)
[2024-10-30 10:18:14,415] INFO [KafkaServer id=1] shutting down (kafka.server.KafkaServer)
[2024-10-30 10:18:14,416] INFO [KafkaServer id=1] Starting controlled shutdown (kafka.server.KafkaServer)
[2024-10-30 10:18:14,434] INFO [KafkaServer id=1] Controlled shutdown request returned successfully after 9ms (kafka.server.KafkaServer)
[2024-10-30 10:18:14,437] INFO [/config/changes-event-process-thread]: Shutting down (kafka.common.ZkNodeChangeNotificationListener$ChangeEventProcessThread)
[2024-10-30 10:18:14,437] INFO [/config/changes-event-process-thread]: Stopped (kafka.common.ZkNodeChangeNotificationListener$ChangeEventProcessThread)
[2024-10-30 10:18:14,437] INFO [/config/changes-event-process-thread]: Shutdown completed (kafka.common.ZkNodeChangeNotificationListener$ChangeEventProcessThread)
[2024-10-30 10:18:14,438] INFO [SocketServer listenerType=ZK_BROKER, nodeId=1] Stopping socket server request processors (kafka.network.SocketServer)
[2024-10-30 10:18:14,447] INFO [SocketServer listenerType=ZK_BROKER, nodeId=1] Stopped socket server request processors (kafka.network.SocketServer)
[2024-10-30 10:18:14,448] INFO [data-plane Kafka Request Handler on Broker 1], shutting down (kafka.server.KafkaRequestHandlerPool)
[2024-10-30 10:18:14,448] INFO [data-plane Kafka Request Handler on Broker 1], shut down completely (kafka.server.KafkaRequestHandlerPool)
[2024-10-30 10:18:14,450] INFO [ExpirationReaper-1-AlterAcls]: Shutting down (kafka.server.DelayedOperationPurgatory$ExpiredOperationReaper)
[2024-10-30 10:18:14,450] INFO [ExpirationReaper-1-AlterAcls]: Stopped (kafka.server.DelayedOperationPurgatory$ExpiredOperationReaper)
[2024-10-30 10:18:14,450] INFO [ExpirationReaper-1-AlterAcls]: Shutdown completed (kafka.server.DelayedOperationPurgatory$ExpiredOperationReaper)
[2024-10-30 10:18:14,451] INFO [KafkaApi-1] Shutdown complete. (kafka.server.KafkaApis)
[2024-10-30 10:18:14,451] INFO [ExpirationReaper-1-topic]: Shutting down (kafka.server.DelayedOperationPurgatory$ExpiredOperationReaper)
[2024-10-30 10:18:14,451] INFO [ExpirationReaper-1-topic]: Stopped (kafka.server.DelayedOperationPurgatory$ExpiredOperationReaper)
[2024-10-30 10:18:14,451] INFO [ExpirationReaper-1-topic]: Shutdown completed (kafka.server.DelayedOperationPurgatory$ExpiredOperationReaper)
[2024-10-30 10:18:14,452] INFO [TransactionCoordinator id=1] Shutting down. (kafka.coordinator.transaction.TransactionCoordinator)
[2024-10-30 10:18:14,452] INFO [Transaction State Manager 1]: Shutdown complete (kafka.coordinator.transaction.TransactionStateManager)
[2024-10-30 10:18:14,452] INFO [TxnMarkerSenderThread-1]: Shutting down (kafka.coordinator.transaction.TransactionMarkerChannelManager)
[2024-10-30 10:18:14,452] INFO [TxnMarkerSenderThread-1]: Stopped (kafka.coordinator.transaction.TransactionMarkerChannelManager)
[2024-10-30 10:18:14,452] INFO [TxnMarkerSenderThread-1]: Shutdown completed (kafka.coordinator.transaction.TransactionMarkerChannelManager)
[2024-10-30 10:18:14,453] INFO [TransactionCoordinator id=1] Shutdown complete. (kafka.coordinator.transaction.TransactionCoordinator)
[2024-10-30 10:18:14,453] INFO [GroupCoordinator 1]: Shutting down. (kafka.coordinator.group.GroupCoordinator)
[2024-10-30 10:18:14,453] INFO [ExpirationReaper-1-Heartbeat]: Shutting down (kafka.server.DelayedOperationPurgatory$ExpiredOperationReaper)
[2024-10-30 10:18:14,454] INFO [ExpirationReaper-1-Heartbeat]: Stopped (kafka.server.DelayedOperationPurgatory$ExpiredOperationReaper)
[2024-10-30 10:18:14,454] INFO [ExpirationReaper-1-Heartbeat]: Shutdown completed (kafka.server.DelayedOperationPurgatory$ExpiredOperationReaper)
[2024-10-30 10:18:14,454] INFO [ExpirationReaper-1-Rebalance]: Shutting down (kafka.server.DelayedOperationPurgatory$ExpiredOperationReaper)
[2024-10-30 10:18:14,454] INFO [ExpirationReaper-1-Rebalance]: Stopped (kafka.server.DelayedOperationPurgatory$ExpiredOperationReaper)
[2024-10-30 10:18:14,454] INFO [ExpirationReaper-1-Rebalance]: Shutdown completed (kafka.server.DelayedOperationPurgatory$ExpiredOperationReaper)
[2024-10-30 10:18:14,454] INFO [GroupCoordinator 1]: Shutdown complete. (kafka.coordinator.group.GroupCoordinator)
[2024-10-30 10:18:14,454] INFO [ReplicaManager broker=1] Shutting down (kafka.server.ReplicaManager)
[2024-10-30 10:18:14,454] INFO [LogDirFailureHandler]: Shutting down (kafka.server.ReplicaManager$LogDirFailureHandler)
[2024-10-30 10:18:14,454] INFO [LogDirFailureHandler]: Shutdown completed (kafka.server.ReplicaManager$LogDirFailureHandler)
[2024-10-30 10:18:14,454] INFO [LogDirFailureHandler]: Stopped (kafka.server.ReplicaManager$LogDirFailureHandler)
[2024-10-30 10:18:14,455] INFO [ReplicaFetcherManager on broker 1] shutting down (kafka.server.ReplicaFetcherManager)
[2024-10-30 10:18:14,455] INFO [ReplicaFetcherManager on broker 1] shutdown completed (kafka.server.ReplicaFetcherManager)
[2024-10-30 10:18:14,455] INFO [ReplicaAlterLogDirsManager on broker 1] shutting down (kafka.server.ReplicaAlterLogDirsManager)
[2024-10-30 10:18:14,455] INFO [ReplicaAlterLogDirsManager on broker 1] shutdown completed (kafka.server.ReplicaAlterLogDirsManager)
[2024-10-30 10:18:14,455] INFO [ExpirationReaper-1-Fetch]: Shutting down (kafka.server.DelayedOperationPurgatory$ExpiredOperationReaper)
[2024-10-30 10:18:14,455] INFO [ExpirationReaper-1-Fetch]: Stopped (kafka.server.DelayedOperationPurgatory$ExpiredOperationReaper)
[2024-10-30 10:18:14,455] INFO [ExpirationReaper-1-Fetch]: Shutdown completed (kafka.server.DelayedOperationPurgatory$ExpiredOperationReaper)
[2024-10-30 10:18:14,455] INFO [ExpirationReaper-1-RemoteFetch]: Shutting down (kafka.server.DelayedOperationPurgatory$ExpiredOperationReaper)
[2024-10-30 10:18:14,455] INFO [ExpirationReaper-1-RemoteFetch]: Stopped (kafka.server.DelayedOperationPurgatory$ExpiredOperationReaper)
[2024-10-30 10:18:14,455] INFO [ExpirationReaper-1-RemoteFetch]: Shutdown completed (kafka.server.DelayedOperationPurgatory$ExpiredOperationReaper)
[2024-10-30 10:18:14,456] INFO [ExpirationReaper-1-Produce]: Shutting down (kafka.server.DelayedOperationPurgatory$ExpiredOperationReaper)
[2024-10-30 10:18:14,456] INFO [ExpirationReaper-1-Produce]: Stopped (kafka.server.DelayedOperationPurgatory$ExpiredOperationReaper)
[2024-10-30 10:18:14,456] INFO [ExpirationReaper-1-Produce]: Shutdown completed (kafka.server.DelayedOperationPurgatory$ExpiredOperationReaper)
[2024-10-30 10:18:14,456] INFO [ExpirationReaper-1-DeleteRecords]: Shutting down (kafka.server.DelayedOperationPurgatory$ExpiredOperationReaper)
[2024-10-30 10:18:14,456] INFO [ExpirationReaper-1-DeleteRecords]: Stopped (kafka.server.DelayedOperationPurgatory$ExpiredOperationReaper)
[2024-10-30 10:18:14,456] INFO [ExpirationReaper-1-DeleteRecords]: Shutdown completed (kafka.server.DelayedOperationPurgatory$ExpiredOperationReaper)
[2024-10-30 10:18:14,456] INFO [ExpirationReaper-1-ElectLeader]: Shutting down (kafka.server.DelayedOperationPurgatory$ExpiredOperationReaper)
[2024-10-30 10:18:14,456] INFO [ExpirationReaper-1-ElectLeader]: Stopped (kafka.server.DelayedOperationPurgatory$ExpiredOperationReaper)
[2024-10-30 10:18:14,456] INFO [ExpirationReaper-1-ElectLeader]: Shutdown completed (kafka.server.DelayedOperationPurgatory$ExpiredOperationReaper)
[2024-10-30 10:18:14,462] INFO [AddPartitionsToTxnSenderThread-1]: Shutting down (kafka.server.AddPartitionsToTxnManager)
[2024-10-30 10:18:14,462] INFO [AddPartitionsToTxnSenderThread-1]: Stopped (kafka.server.AddPartitionsToTxnManager)
[2024-10-30 10:18:14,462] INFO [AddPartitionsToTxnSenderThread-1]: Shutdown completed (kafka.server.AddPartitionsToTxnManager)
[2024-10-30 10:18:14,462] INFO [ReplicaManager broker=1] Shut down completely (kafka.server.ReplicaManager)
[2024-10-30 10:18:14,462] INFO [zk-broker-1-to-controller-alter-partition-channel-manager]: Shutting down (kafka.server.NodeToControllerRequestThread)
[2024-10-30 10:18:14,462] INFO [zk-broker-1-to-controller-alter-partition-channel-manager]: Stopped (kafka.server.NodeToControllerRequestThread)
[2024-10-30 10:18:14,462] INFO [zk-broker-1-to-controller-alter-partition-channel-manager]: Shutdown completed (kafka.server.NodeToControllerRequestThread)
[2024-10-30 10:18:14,463] INFO Node to controller channel manager for alter-partition shutdown (kafka.server.NodeToControllerChannelManagerImpl)
[2024-10-30 10:18:14,463] INFO [zk-broker-1-to-controller-forwarding-channel-manager]: Shutting down (kafka.server.NodeToControllerRequestThread)
[2024-10-30 10:18:14,463] INFO [zk-broker-1-to-controller-forwarding-channel-manager]: Stopped (kafka.server.NodeToControllerRequestThread)
[2024-10-30 10:18:14,463] INFO [zk-broker-1-to-controller-forwarding-channel-manager]: Shutdown completed (kafka.server.NodeToControllerRequestThread)
[2024-10-30 10:18:14,463] INFO Node to controller channel manager for forwarding shutdown (kafka.server.NodeToControllerChannelManagerImpl)
[2024-10-30 10:18:14,463] INFO Shutting down. (kafka.log.LogManager)
[2024-10-30 10:18:14,464] INFO [kafka-log-cleaner-thread-0]: Shutting down (kafka.log.LogCleaner$CleanerThread)
[2024-10-30 10:18:14,464] INFO [kafka-log-cleaner-thread-0]: Stopped (kafka.log.LogCleaner$CleanerThread)
[2024-10-30 10:18:14,464] INFO [kafka-log-cleaner-thread-0]: Shutdown completed (kafka.log.LogCleaner$CleanerThread)
[2024-10-30 10:18:14,515] INFO [ProducerStateManager partition=trade_events-0] Wrote producer snapshot at offset 133 with 0 producer ids in 3 ms. (org.apache.kafka.storage.internals.log.ProducerStateManager)
[2024-10-30 10:18:14,575] INFO [ProducerStateManager partition=__consumer_offsets-45] Wrote producer snapshot at offset 8 with 0 producer ids in 3 ms. (org.apache.kafka.storage.internals.log.ProducerStateManager)
[2024-10-30 10:18:14,594] INFO [ProducerStateManager partition=top_k_trades-0] Wrote producer snapshot at offset 1502 with 45 producer ids in 4 ms. (org.apache.kafka.storage.internals.log.ProducerStateManager)
[2024-10-30 10:18:14,622] INFO [ProducerStateManager partition=__consumer_offsets-22] Wrote producer snapshot at offset 15 with 0 producer ids in 4 ms. (org.apache.kafka.storage.internals.log.ProducerStateManager)
[2024-10-30 10:18:14,630] INFO [ProducerStateManager partition=__consumer_offsets-46] Wrote producer snapshot at offset 8 with 0 producer ids in 3 ms. (org.apache.kafka.storage.internals.log.ProducerStateManager)
[2024-10-30 10:18:14,642] INFO [ProducerStateManager partition=__consumer_offsets-42] Wrote producer snapshot at offset 24 with 0 producer ids in 4 ms. (org.apache.kafka.storage.internals.log.ProducerStateManager)
[2024-10-30 10:18:14,657] INFO [ProducerStateManager partition=__consumer_offsets-31] Wrote producer snapshot at offset 3 with 0 producer ids in 4 ms. (org.apache.kafka.storage.internals.log.ProducerStateManager)
[2024-10-30 10:18:14,668] INFO [ProducerStateManager partition=__consumer_offsets-15] Wrote producer snapshot at offset 5 with 0 producer ids in 3 ms. (org.apache.kafka.storage.internals.log.ProducerStateManager)
[2024-10-30 10:18:14,708] INFO Shutdown complete. (kafka.log.LogManager)
[2024-10-30 10:18:14,711] INFO [feature-zk-node-event-process-thread]: Shutting down (kafka.server.FinalizedFeatureChangeListener$ChangeNotificationProcessorThread)
[2024-10-30 10:18:14,711] INFO [feature-zk-node-event-process-thread]: Stopped (kafka.server.FinalizedFeatureChangeListener$ChangeNotificationProcessorThread)
[2024-10-30 10:18:14,711] INFO [feature-zk-node-event-process-thread]: Shutdown completed (kafka.server.FinalizedFeatureChangeListener$ChangeNotificationProcessorThread)
[2024-10-30 10:18:14,711] INFO [ZooKeeperClient Kafka server] Closing. (kafka.zookeeper.ZooKeeperClient)
[2024-10-30 10:18:14,824] INFO Session: 0x10021f2f6500000 closed (org.apache.zookeeper.ZooKeeper)
[2024-10-30 10:18:14,824] INFO EventThread shut down for session: 0x10021f2f6500000 (org.apache.zookeeper.ClientCnxn)
[2024-10-30 10:18:14,824] INFO [ZooKeeperClient Kafka server] Closed. (kafka.zookeeper.ZooKeeperClient)
[2024-10-30 10:18:14,824] INFO [ThrottledChannelReaper-Fetch]: Shutting down (kafka.server.ClientQuotaManager$ThrottledChannelReaper)
[2024-10-30 10:18:14,826] INFO [ThrottledChannelReaper-Fetch]: Stopped (kafka.server.ClientQuotaManager$ThrottledChannelReaper)
[2024-10-30 10:18:14,826] INFO [ThrottledChannelReaper-Fetch]: Shutdown completed (kafka.server.ClientQuotaManager$ThrottledChannelReaper)
[2024-10-30 10:18:14,826] INFO [ThrottledChannelReaper-Produce]: Shutting down (kafka.server.ClientQuotaManager$ThrottledChannelReaper)
[2024-10-30 10:18:14,826] INFO [ThrottledChannelReaper-Produce]: Stopped (kafka.server.ClientQuotaManager$ThrottledChannelReaper)
[2024-10-30 10:18:14,826] INFO [ThrottledChannelReaper-Produce]: Shutdown completed (kafka.server.ClientQuotaManager$ThrottledChannelReaper)
[2024-10-30 10:18:14,826] INFO [ThrottledChannelReaper-Request]: Shutting down (kafka.server.ClientQuotaManager$ThrottledChannelReaper)
[2024-10-30 10:18:14,826] INFO [ThrottledChannelReaper-Request]: Stopped (kafka.server.ClientQuotaManager$ThrottledChannelReaper)
[2024-10-30 10:18:14,826] INFO [ThrottledChannelReaper-Request]: Shutdown completed (kafka.server.ClientQuotaManager$ThrottledChannelReaper)
[2024-10-30 10:18:14,826] INFO [ThrottledChannelReaper-ControllerMutation]: Shutting down (kafka.server.ClientQuotaManager$ThrottledChannelReaper)
[2024-10-30 10:18:14,827] INFO [ThrottledChannelReaper-ControllerMutation]: Stopped (kafka.server.ClientQuotaManager$ThrottledChannelReaper)
[2024-10-30 10:18:14,827] INFO [ThrottledChannelReaper-ControllerMutation]: Shutdown completed (kafka.server.ClientQuotaManager$ThrottledChannelReaper)
[2024-10-30 10:18:14,827] INFO [SocketServer listenerType=ZK_BROKER, nodeId=1] Shutting down socket server (kafka.network.SocketServer)
[2024-10-30 10:18:14,837] INFO [SocketServer listenerType=ZK_BROKER, nodeId=1] Shutdown completed (kafka.network.SocketServer)
[2024-10-30 10:18:14,837] INFO Metrics scheduler closed (org.apache.kafka.common.metrics.Metrics)
[2024-10-30 10:18:14,837] INFO Closing reporter org.apache.kafka.common.metrics.JmxReporter (org.apache.kafka.common.metrics.Metrics)
[2024-10-30 10:18:14,837] INFO Metrics reporters closed (org.apache.kafka.common.metrics.Metrics)
[2024-10-30 10:18:14,838] INFO Broker and topic stats closed (kafka.server.BrokerTopicStats)
[2024-10-30 10:18:14,838] INFO App info kafka.server for 1 unregistered (org.apache.kafka.common.utils.AppInfoParser)
[2024-10-30 10:18:14,838] INFO [KafkaServer id=1] shut down completed (kafka.server.KafkaServer)
