[2024-10-30 10:11:49,029] INFO [Controller id=1 epoch=16] Sending UpdateMetadata request to brokers HashSet() for 0 partitions (state.change.logger)
[2024-10-30 10:11:49,030] INFO [Controller id=1 epoch=16] Sending UpdateMetadata request to brokers HashSet() for 0 partitions (state.change.logger)
[2024-10-30 10:11:49,030] INFO [Controller id=1 epoch=16] Sending UpdateMetadata request to brokers HashSet(1) for 1 partitions (state.change.logger)
[2024-10-30 10:11:49,031] INFO [Broker id=1] Add 0 partitions and deleted 1 partitions from metadata cache in response to UpdateMetadata request sent by controller 1 epoch 16 with correlation id 3 (state.change.logger)
[2024-10-30 10:11:49,044] INFO [Controller id=1 epoch=16] Partition trade_events-0 state changed to (Leader:-1,ISR:1,LeaderRecoveryState:RECOVERED,LeaderEpoch:1,ZkVersion:1,ControllerEpoch:16) after removing replica 1 from the ISR as part of transition to OfflineReplica (state.change.logger)
[2024-10-30 10:11:49,045] INFO [Controller id=1 epoch=16] Sending UpdateMetadata request to brokers HashSet() for 0 partitions (state.change.logger)
[2024-10-30 10:11:49,045] INFO [Controller id=1 epoch=16] Sending StopReplica request for 1 replicas to broker 1 (state.change.logger)
[2024-10-30 10:11:49,046] INFO [Controller id=1 epoch=16] Sending UpdateMetadata request to brokers HashSet() for 0 partitions (state.change.logger)
[2024-10-30 10:11:49,046] INFO [Controller id=1 epoch=16] Sending StopReplica request for 1 replicas to broker 1 (state.change.logger)
[2024-10-30 10:11:49,046] INFO [Broker id=1] Handling StopReplica request correlationId 4 from controller 1 for 1 partitions (state.change.logger)
[2024-10-30 10:11:49,050] INFO [Broker id=1] Handling StopReplica request correlationId 5 from controller 1 for 1 partitions (state.change.logger)
[2024-10-30 10:11:49,072] INFO [Controller id=1 epoch=16] Sending UpdateMetadata request to brokers HashSet() for 0 partitions (state.change.logger)
[2024-10-30 10:11:49,073] INFO [Controller id=1 epoch=16] Sending UpdateMetadata request to brokers HashSet() for 0 partitions (state.change.logger)
[2024-10-30 10:11:49,178] INFO [Controller id=1 epoch=16] Changed partition trade_events-0 state from NonExistentPartition to NewPartition with assigned replicas 1 (state.change.logger)
[2024-10-30 10:11:49,178] INFO [Controller id=1 epoch=16] Sending UpdateMetadata request to brokers HashSet() for 0 partitions (state.change.logger)
[2024-10-30 10:11:49,178] INFO [Controller id=1 epoch=16] Sending UpdateMetadata request to brokers HashSet() for 0 partitions (state.change.logger)
[2024-10-30 10:11:49,188] INFO [Controller id=1 epoch=16] Changed partition trade_events-0 from NewPartition to OnlinePartition with state LeaderAndIsr(leader=1, leaderEpoch=0, isrWithBrokerEpoch=List(BrokerState(brokerId=1, brokerEpoch=-1)), leaderRecoveryState=RECOVERED, partitionEpoch=0) (state.change.logger)
[2024-10-30 10:11:49,188] INFO [Controller id=1 epoch=16] Sending LeaderAndIsr request to broker 1 with 1 become-leader and 0 become-follower partitions (state.change.logger)
[2024-10-30 10:11:49,188] INFO [Controller id=1 epoch=16] Sending UpdateMetadata request to brokers HashSet(1) for 1 partitions (state.change.logger)
[2024-10-30 10:11:49,188] INFO [Controller id=1 epoch=16] Sending UpdateMetadata request to brokers HashSet() for 0 partitions (state.change.logger)
[2024-10-30 10:11:49,188] INFO [Broker id=1] Handling LeaderAndIsr request correlationId 6 from controller 1 for 1 partitions (state.change.logger)
[2024-10-30 10:11:49,189] INFO [Broker id=1] Stopped fetchers as part of LeaderAndIsr request correlationId 6 from controller 1 epoch 16 as part of the become-leader transition for 1 partitions (state.change.logger)
[2024-10-30 10:11:49,195] INFO [Broker id=1] Leader trade_events-0 with topic id Some(uPbvTf-XSj-jfS78r-EahA) starts at leader epoch 0 from offset 0 with partition epoch 0, high watermark 0, ISR [1], adding replicas [] and removing replicas [] . Previous leader None and previous leader epoch was -1. (state.change.logger)
[2024-10-30 10:11:49,198] INFO [Broker id=1] Finished LeaderAndIsr request in 10ms correlationId 6 from controller 1 for 1 partitions (state.change.logger)
[2024-10-30 10:11:49,199] INFO [Broker id=1] Add 1 partitions and deleted 0 partitions from metadata cache in response to UpdateMetadata request sent by controller 1 epoch 16 with correlation id 7 (state.change.logger)
[2024-10-30 10:12:17,506] INFO [Controller id=1 epoch=16] Sending UpdateMetadata request to brokers HashSet() for 0 partitions (state.change.logger)
[2024-10-30 10:12:17,506] INFO [Controller id=1 epoch=16] Sending UpdateMetadata request to brokers HashSet() for 0 partitions (state.change.logger)
[2024-10-30 10:12:17,506] INFO [Controller id=1 epoch=16] Sending UpdateMetadata request to brokers HashSet(1) for 1 partitions (state.change.logger)
[2024-10-30 10:12:17,507] INFO [Broker id=1] Add 0 partitions and deleted 1 partitions from metadata cache in response to UpdateMetadata request sent by controller 1 epoch 16 with correlation id 8 (state.change.logger)
[2024-10-30 10:12:17,512] INFO [Controller id=1 epoch=16] Partition trade_events-0 state changed to (Leader:-1,ISR:1,LeaderRecoveryState:RECOVERED,LeaderEpoch:1,ZkVersion:1,ControllerEpoch:16) after removing replica 1 from the ISR as part of transition to OfflineReplica (state.change.logger)
[2024-10-30 10:12:17,512] INFO [Controller id=1 epoch=16] Sending UpdateMetadata request to brokers HashSet() for 0 partitions (state.change.logger)
[2024-10-30 10:12:17,512] INFO [Controller id=1 epoch=16] Sending StopReplica request for 1 replicas to broker 1 (state.change.logger)
[2024-10-30 10:12:17,512] INFO [Controller id=1 epoch=16] Sending UpdateMetadata request to brokers HashSet() for 0 partitions (state.change.logger)
[2024-10-30 10:12:17,512] INFO [Controller id=1 epoch=16] Sending StopReplica request for 1 replicas to broker 1 (state.change.logger)
[2024-10-30 10:12:17,512] INFO [Broker id=1] Handling StopReplica request correlationId 9 from controller 1 for 1 partitions (state.change.logger)
[2024-10-30 10:12:17,513] INFO [Broker id=1] Handling StopReplica request correlationId 10 from controller 1 for 1 partitions (state.change.logger)
[2024-10-30 10:12:17,529] INFO [Controller id=1 epoch=16] Sending UpdateMetadata request to brokers HashSet() for 0 partitions (state.change.logger)
[2024-10-30 10:12:17,530] INFO [Controller id=1 epoch=16] Sending UpdateMetadata request to brokers HashSet() for 0 partitions (state.change.logger)
[2024-10-30 10:12:30,651] INFO [Controller id=1 epoch=16] Changed partition trade_events-0 state from NonExistentPartition to NewPartition with assigned replicas 1 (state.change.logger)
[2024-10-30 10:12:30,651] INFO [Controller id=1 epoch=16] Sending UpdateMetadata request to brokers HashSet() for 0 partitions (state.change.logger)
[2024-10-30 10:12:30,651] INFO [Controller id=1 epoch=16] Sending UpdateMetadata request to brokers HashSet() for 0 partitions (state.change.logger)
[2024-10-30 10:12:30,671] INFO [Controller id=1 epoch=16] Changed partition trade_events-0 from NewPartition to OnlinePartition with state LeaderAndIsr(leader=1, leaderEpoch=0, isrWithBrokerEpoch=List(BrokerState(brokerId=1, brokerEpoch=-1)), leaderRecoveryState=RECOVERED, partitionEpoch=0) (state.change.logger)
[2024-10-30 10:12:30,671] INFO [Controller id=1 epoch=16] Sending LeaderAndIsr request to broker 1 with 1 become-leader and 0 become-follower partitions (state.change.logger)
[2024-10-30 10:12:30,671] INFO [Controller id=1 epoch=16] Sending UpdateMetadata request to brokers HashSet(1) for 1 partitions (state.change.logger)
[2024-10-30 10:12:30,671] INFO [Controller id=1 epoch=16] Sending UpdateMetadata request to brokers HashSet() for 0 partitions (state.change.logger)
[2024-10-30 10:12:30,671] INFO [Broker id=1] Handling LeaderAndIsr request correlationId 11 from controller 1 for 1 partitions (state.change.logger)
[2024-10-30 10:12:30,672] INFO [Broker id=1] Stopped fetchers as part of LeaderAndIsr request correlationId 11 from controller 1 epoch 16 as part of the become-leader transition for 1 partitions (state.change.logger)
[2024-10-30 10:12:30,674] INFO [Broker id=1] Leader trade_events-0 with topic id Some(4ytAcb6RSBK1jhXlt2VABw) starts at leader epoch 0 from offset 0 with partition epoch 0, high watermark 0, ISR [1], adding replicas [] and removing replicas [] . Previous leader None and previous leader epoch was -1. (state.change.logger)
[2024-10-30 10:12:30,679] INFO [Broker id=1] Finished LeaderAndIsr request in 8ms correlationId 11 from controller 1 for 1 partitions (state.change.logger)
[2024-10-30 10:12:30,679] INFO [Broker id=1] Add 1 partitions and deleted 0 partitions from metadata cache in response to UpdateMetadata request sent by controller 1 epoch 16 with correlation id 12 (state.change.logger)
[2024-10-30 10:18:14,431] INFO [Controller id=1 epoch=16] Sending UpdateMetadata request to brokers HashSet() for 0 partitions (state.change.logger)
